<?xml version="1.0" encoding="UTF-8"?>
<testng-results skipped="0" failed="0" total="2" passed="2">
  <reporter-output>
  </reporter-output>
  <suite name="com.masteringselenium.BasicTest" duration-ms="17993" started-at="2017-10-27T07:10:38Z" finished-at="2017-10-27T07:10:56Z">
    <groups>
    </groups>
    <test name="Command line test" duration-ms="17993" started-at="2017-10-27T07:10:38Z" finished-at="2017-10-27T07:10:56Z">
      <class name="com.masteringselenium.BasicTest">
        <test-method status="PASS" signature="googleCheeseExample()[pri:0, instance:com.masteringselenium.BasicTest@7f690630]" name="googleCheeseExample" duration-ms="9673" started-at="2017-10-27T12:10:38Z" finished-at="2017-10-27T12:10:48Z">
          <reporter-output>
          </reporter-output>
        </test-method> <!-- googleCheeseExample -->
        <test-method status="PASS" signature="googleMilkExample()[pri:0, instance:com.masteringselenium.BasicTest@7f690630]" name="googleMilkExample" duration-ms="8308" started-at="2017-10-27T12:10:48Z" finished-at="2017-10-27T12:10:56Z">
          <reporter-output>
          </reporter-output>
        </test-method> <!-- googleMilkExample -->
      </class> <!-- com.masteringselenium.BasicTest -->
    </test> <!-- Command line test -->
  </suite> <!-- com.masteringselenium.BasicTest -->
</testng-results>
