<?xml version="1.0" encoding="UTF-8"?>
<!-- Generated by org.testng.reporters.JUnitXMLReporter -->
<testsuite hostname="tig090" ignored="2" name="Policy" tests="2" failures="0" timestamp="17 Oct 2017 10:29:07 GMT" time="92.12" errors="0">
  <testcase name="iSearchClient" time="1.144" classname="com.insurertestng.AddIndividualClient"/>
  <testcase name="iAddindividualClient" time="76.201" classname="com.insurertestng.AddIndividualClient"/>
  <testcase name="@BeforeSuite iSignIn" time="0.0" classname="com.insurertestng.SignIn">
    <ignored/>
  </testcase> <!-- @BeforeSuite iSignIn -->
  <testcase name="@BeforeSuite iSignIn" time="0.0" classname="com.insurertestng.SignIn">
    <ignored/>
  </testcase> <!-- @BeforeSuite iSignIn -->
</testsuite> <!-- Policy -->
